
*** Running vivado
    with args -log display.vds -m64 -product Vivado -mode batch -messageDb vivado.pb -notrace -source display.tcl



****** Vivado v2024.2 (64-bit)
  **** SW Build 5239630 on Fri Nov 08 22:35:27 MST 2024
  **** IP Build 5239520 on Sun Nov 10 16:12:51 MST 2024
  **** SharedData Build 5239561 on Fri Nov 08 14:39:27 MST 2024
  **** Start of session at: Sat May 17 01:21:34 2025
    ** Copyright 1986-2022 Xilinx, Inc. All Rights Reserved.
    ** Copyright 2022-2024 Advanced Micro Devices, Inc. All Rights Reserved.

source display.tcl -notrace
Command: read_checkpoint -auto_incremental -incremental D:/kowalski_267671_FPGA/UE1/zad4-zegar/seg_display/seg_display.srcs/utils_1/imports/synth_1/display.dcp
INFO: [Vivado 12-5825] Read reference checkpoint from D:/kowalski_267671_FPGA/UE1/zad4-zegar/seg_display/seg_display.srcs/utils_1/imports/synth_1/display.dcp for incremental synthesis
INFO: [Vivado 12-7989] Please ensure there are no constraint changes
Command: synth_design -top display -part xc7a100tcsg324-1
Starting synth_design
Attempting to get a license for feature 'Synthesis' and/or device 'xc7a100t'
INFO: [Common 17-349] Got license for feature 'Synthesis' and/or device 'xc7a100t'
INFO: [Device 21-403] Loading part xc7a100tcsg324-1
INFO: [Designutils 20-5440] No compile time benefit to using incremental synthesis; A full resynthesis will be run
INFO: [Designutils 20-4379] Flow is switching to default flow due to incremental criteria not met. If you would like to alter this behaviour and have the flow terminate instead, please set the following parameter config_implementation {autoIncr.Synth.RejectBehavior Terminate}
INFO: [Synth 8-7079] Multithreading enabled for synth_design using a maximum of 2 processes.
INFO: [Synth 8-7078] Launching helper process for spawning children vivado processes
INFO: [Synth 8-7075] Helper process launched with PID 13944
---------------------------------------------------------------------------------
Starting RTL Elaboration : Time (s): cpu = 00:00:07 ; elapsed = 00:00:07 . Memory (MB): peak = 1044.574 ; gain = 468.613
---------------------------------------------------------------------------------
INFO: [Synth 8-638] synthesizing module 'display' [D:/kowalski_267671_FPGA/UE1/zad4-zegar/seg_display/seg_display.srcs/sources_1/new/counter.vhd:13]
INFO: [Synth 8-226] default block is never used [D:/kowalski_267671_FPGA/UE1/zad4-zegar/seg_display/seg_display.srcs/sources_1/new/counter.vhd:115]
INFO: [Synth 8-256] done synthesizing module 'display' (0#1) [D:/kowalski_267671_FPGA/UE1/zad4-zegar/seg_display/seg_display.srcs/sources_1/new/counter.vhd:13]
WARNING: [Synth 8-7129] Port VALUE[31] in module display is either unconnected or has no load
WARNING: [Synth 8-7129] Port VALUE[30] in module display is either unconnected or has no load
WARNING: [Synth 8-7129] Port VALUE[29] in module display is either unconnected or has no load
WARNING: [Synth 8-7129] Port VALUE[28] in module display is either unconnected or has no load
WARNING: [Synth 8-7129] Port VALUE[27] in module display is either unconnected or has no load
WARNING: [Synth 8-7129] Port VALUE[26] in module display is either unconnected or has no load
WARNING: [Synth 8-7129] Port VALUE[25] in module display is either unconnected or has no load
WARNING: [Synth 8-7129] Port VALUE[24] in module display is either unconnected or has no load
WARNING: [Synth 8-7129] Port VALUE[23] in module display is either unconnected or has no load
WARNING: [Synth 8-7129] Port VALUE[22] in module display is either unconnected or has no load
WARNING: [Synth 8-7129] Port VALUE[21] in module display is either unconnected or has no load
WARNING: [Synth 8-7129] Port VALUE[20] in module display is either unconnected or has no load
WARNING: [Synth 8-7129] Port VALUE[19] in module display is either unconnected or has no load
WARNING: [Synth 8-7129] Port VALUE[18] in module display is either unconnected or has no load
WARNING: [Synth 8-7129] Port VALUE[17] in module display is either unconnected or has no load
WARNING: [Synth 8-7129] Port VALUE[16] in module display is either unconnected or has no load
WARNING: [Synth 8-7129] Port VALUE[15] in module display is either unconnected or has no load
WARNING: [Synth 8-7129] Port VALUE[14] in module display is either unconnected or has no load
WARNING: [Synth 8-7129] Port VALUE[13] in module display is either unconnected or has no load
WARNING: [Synth 8-7129] Port VALUE[12] in module display is either unconnected or has no load
WARNING: [Synth 8-7129] Port VALUE[11] in module display is either unconnected or has no load
WARNING: [Synth 8-7129] Port VALUE[10] in module display is either unconnected or has no load
WARNING: [Synth 8-7129] Port VALUE[9] in module display is either unconnected or has no load
WARNING: [Synth 8-7129] Port VALUE[8] in module display is either unconnected or has no load
WARNING: [Synth 8-7129] Port VALUE[7] in module display is either unconnected or has no load
WARNING: [Synth 8-7129] Port VALUE[6] in module display is either unconnected or has no load
WARNING: [Synth 8-7129] Port VALUE[5] in module display is either unconnected or has no load
WARNING: [Synth 8-7129] Port VALUE[4] in module display is either unconnected or has no load
WARNING: [Synth 8-7129] Port VALUE[3] in module display is either unconnected or has no load
WARNING: [Synth 8-7129] Port VALUE[2] in module display is either unconnected or has no load
WARNING: [Synth 8-7129] Port VALUE[1] in module display is either unconnected or has no load
WARNING: [Synth 8-7129] Port VALUE[0] in module display is either unconnected or has no load
---------------------------------------------------------------------------------
Finished RTL Elaboration : Time (s): cpu = 00:00:09 ; elapsed = 00:00:09 . Memory (MB): peak = 1161.469 ; gain = 585.508
---------------------------------------------------------------------------------
---------------------------------------------------------------------------------
Start Handling Custom Attributes
---------------------------------------------------------------------------------
---------------------------------------------------------------------------------
Finished Handling Custom Attributes : Time (s): cpu = 00:00:09 ; elapsed = 00:00:09 . Memory (MB): peak = 1161.469 ; gain = 585.508
---------------------------------------------------------------------------------
---------------------------------------------------------------------------------
Finished RTL Optimization Phase 1 : Time (s): cpu = 00:00:09 ; elapsed = 00:00:09 . Memory (MB): peak = 1161.469 ; gain = 585.508
---------------------------------------------------------------------------------
Netlist sorting complete. Time (s): cpu = 00:00:00 ; elapsed = 00:00:00.008 . Memory (MB): peak = 1161.469 ; gain = 0.000
INFO: [Project 1-570] Preparing netlist for logic optimization

Processing XDC Constraints
Initializing timing engine
Parsing XDC File [D:/kowalski_267671_FPGA/UE1/zad4-zegar/Nexys-A7-100T-Master.xdc]
Finished Parsing XDC File [D:/kowalski_267671_FPGA/UE1/zad4-zegar/Nexys-A7-100T-Master.xdc]
INFO: [Project 1-236] Implementation specific constraints were found while reading constraint file [D:/kowalski_267671_FPGA/UE1/zad4-zegar/Nexys-A7-100T-Master.xdc]. These constraints will be ignored for synthesis but will be used in implementation. Impacted constraints are listed in the file [.Xil/display_propImpl.xdc].
Resolution: To avoid this warning, move constraints listed in [.Xil/display_propImpl.xdc] to another XDC file and exclude this new file from synthesis with the used_in_synthesis property (File Properties dialog in GUI) and re-run elaboration/synthesis.
Completed Processing XDC Constraints

Netlist sorting complete. Time (s): cpu = 00:00:00 ; elapsed = 00:00:00.001 . Memory (MB): peak = 1250.070 ; gain = 0.000
INFO: [Project 1-111] Unisim Transformation Summary:
No Unisim elements were transformed.

Constraint Validation Runtime : Time (s): cpu = 00:00:00 ; elapsed = 00:00:00.004 . Memory (MB): peak = 1250.070 ; gain = 0.000
INFO: [Designutils 20-5440] No compile time benefit to using incremental synthesis; A full resynthesis will be run
INFO: [Designutils 20-4379] Flow is switching to default flow due to incremental criteria not met. If you would like to alter this behaviour and have the flow terminate instead, please set the following parameter config_implementation {autoIncr.Synth.RejectBehavior Terminate}
---------------------------------------------------------------------------------
Finished Constraint Validation : Time (s): cpu = 00:00:18 ; elapsed = 00:00:19 . Memory (MB): peak = 1250.070 ; gain = 674.109
---------------------------------------------------------------------------------
---------------------------------------------------------------------------------
Start Loading Part and Timing Information
---------------------------------------------------------------------------------
Loading part: xc7a100tcsg324-1
---------------------------------------------------------------------------------
Finished Loading Part and Timing Information : Time (s): cpu = 00:00:18 ; elapsed = 00:00:19 . Memory (MB): peak = 1250.070 ; gain = 674.109
---------------------------------------------------------------------------------
---------------------------------------------------------------------------------
Start Applying 'set_property' XDC Constraints
---------------------------------------------------------------------------------
---------------------------------------------------------------------------------
Finished applying 'set_property' XDC Constraints : Time (s): cpu = 00:00:18 ; elapsed = 00:00:19 . Memory (MB): peak = 1250.070 ; gain = 674.109
---------------------------------------------------------------------------------
---------------------------------------------------------------------------------
Finished RTL Optimization Phase 2 : Time (s): cpu = 00:00:19 ; elapsed = 00:00:20 . Memory (MB): peak = 1250.070 ; gain = 674.109
---------------------------------------------------------------------------------
---------------------------------------------------------------------------------
Start RTL Component Statistics 
---------------------------------------------------------------------------------
Detailed RTL Component Info : 
+---Adders : 
	   2 Input   27 Bit       Adders := 1     
	   2 Input   16 Bit       Adders := 1     
	   2 Input    4 Bit       Adders := 152   
	   2 Input    3 Bit       Adders := 12    
+---Registers : 
	               27 Bit    Registers := 1     
	               16 Bit    Registers := 1     
	                3 Bit    Registers := 1     
	                1 Bit    Registers := 1     
+---Muxes : 
	   8 Input    8 Bit        Muxes := 1     
	   2 Input    4 Bit        Muxes := 140   
	   2 Input    3 Bit        Muxes := 8     
---------------------------------------------------------------------------------
Finished RTL Component Statistics 
---------------------------------------------------------------------------------
---------------------------------------------------------------------------------
Start Part Resource Summary
---------------------------------------------------------------------------------
Part Resources:
DSPs: 240 (col length:80)
BRAMs: 270 (col length: RAMB18 80 RAMB36 40)
---------------------------------------------------------------------------------
Finished Part Resource Summary
---------------------------------------------------------------------------------
---------------------------------------------------------------------------------
Start Cross Boundary and Area Optimization
---------------------------------------------------------------------------------
WARNING: [Synth 8-7080] Parallel synthesis criteria is not met
WARNING: [Synth 8-7129] Port VALUE[31] in module display is either unconnected or has no load
WARNING: [Synth 8-7129] Port VALUE[30] in module display is either unconnected or has no load
WARNING: [Synth 8-7129] Port VALUE[29] in module display is either unconnected or has no load
WARNING: [Synth 8-7129] Port VALUE[28] in module display is either unconnected or has no load
WARNING: [Synth 8-7129] Port VALUE[27] in module display is either unconnected or has no load
WARNING: [Synth 8-7129] Port VALUE[26] in module display is either unconnected or has no load
WARNING: [Synth 8-7129] Port VALUE[25] in module display is either unconnected or has no load
WARNING: [Synth 8-7129] Port VALUE[24] in module display is either unconnected or has no load
WARNING: [Synth 8-7129] Port VALUE[23] in module display is either unconnected or has no load
WARNING: [Synth 8-7129] Port VALUE[22] in module display is either unconnected or has no load
WARNING: [Synth 8-7129] Port VALUE[21] in module display is either unconnected or has no load
WARNING: [Synth 8-7129] Port VALUE[20] in module display is either unconnected or has no load
WARNING: [Synth 8-7129] Port VALUE[19] in module display is either unconnected or has no load
WARNING: [Synth 8-7129] Port VALUE[18] in module display is either unconnected or has no load
WARNING: [Synth 8-7129] Port VALUE[17] in module display is either unconnected or has no load
WARNING: [Synth 8-7129] Port VALUE[16] in module display is either unconnected or has no load
WARNING: [Synth 8-7129] Port VALUE[15] in module display is either unconnected or has no load
WARNING: [Synth 8-7129] Port VALUE[14] in module display is either unconnected or has no load
WARNING: [Synth 8-7129] Port VALUE[13] in module display is either unconnected or has no load
WARNING: [Synth 8-7129] Port VALUE[12] in module display is either unconnected or has no load
WARNING: [Synth 8-7129] Port VALUE[11] in module display is either unconnected or has no load
WARNING: [Synth 8-7129] Port VALUE[10] in module display is either unconnected or has no load
WARNING: [Synth 8-7129] Port VALUE[9] in module display is either unconnected or has no load
WARNING: [Synth 8-7129] Port VALUE[8] in module display is either unconnected or has no load
WARNING: [Synth 8-7129] Port VALUE[7] in module display is either unconnected or has no load
WARNING: [Synth 8-7129] Port VALUE[6] in module display is either unconnected or has no load
WARNING: [Synth 8-7129] Port VALUE[5] in module display is either unconnected or has no load
WARNING: [Synth 8-7129] Port VALUE[4] in module display is either unconnected or has no load
WARNING: [Synth 8-7129] Port VALUE[3] in module display is either unconnected or has no load
WARNING: [Synth 8-7129] Port VALUE[2] in module display is either unconnected or has no load
WARNING: [Synth 8-7129] Port VALUE[1] in module display is either unconnected or has no load
WARNING: [Synth 8-7129] Port VALUE[0] in module display is either unconnected or has no load
---------------------------------------------------------------------------------
Finished Cross Boundary and Area Optimization : Time (s): cpu = 00:01:05 ; elapsed = 00:01:08 . Memory (MB): peak = 1621.352 ; gain = 1045.391
---------------------------------------------------------------------------------
---------------------------------------------------------------------------------
Start Applying XDC Timing Constraints
---------------------------------------------------------------------------------
---------------------------------------------------------------------------------
Finished Applying XDC Timing Constraints : Time (s): cpu = 00:01:14 ; elapsed = 00:01:18 . Memory (MB): peak = 1621.352 ; gain = 1045.391
---------------------------------------------------------------------------------
---------------------------------------------------------------------------------
Start Timing Optimization
---------------------------------------------------------------------------------
---------------------------------------------------------------------------------
Finished Timing Optimization : Time (s): cpu = 00:06:26 ; elapsed = 00:06:44 . Memory (MB): peak = 1709.469 ; gain = 1133.508
---------------------------------------------------------------------------------
---------------------------------------------------------------------------------
Start Technology Mapping
---------------------------------------------------------------------------------
---------------------------------------------------------------------------------
Finished Technology Mapping : Time (s): cpu = 00:06:27 ; elapsed = 00:06:44 . Memory (MB): peak = 1709.469 ; gain = 1133.508
---------------------------------------------------------------------------------
---------------------------------------------------------------------------------
Start IO Insertion
---------------------------------------------------------------------------------
---------------------------------------------------------------------------------
Start Flattening Before IO Insertion
---------------------------------------------------------------------------------
---------------------------------------------------------------------------------
Finished Flattening Before IO Insertion
---------------------------------------------------------------------------------
---------------------------------------------------------------------------------
Start Final Netlist Cleanup
---------------------------------------------------------------------------------
---------------------------------------------------------------------------------
Finished Final Netlist Cleanup
---------------------------------------------------------------------------------
---------------------------------------------------------------------------------
Finished IO Insertion : Time (s): cpu = 00:06:32 ; elapsed = 00:06:49 . Memory (MB): peak = 1709.469 ; gain = 1133.508
---------------------------------------------------------------------------------
---------------------------------------------------------------------------------
Start Renaming Generated Instances
---------------------------------------------------------------------------------
---------------------------------------------------------------------------------
Finished Renaming Generated Instances : Time (s): cpu = 00:06:32 ; elapsed = 00:06:49 . Memory (MB): peak = 1709.469 ; gain = 1133.508
---------------------------------------------------------------------------------
---------------------------------------------------------------------------------
Start Rebuilding User Hierarchy
---------------------------------------------------------------------------------
---------------------------------------------------------------------------------
Finished Rebuilding User Hierarchy : Time (s): cpu = 00:06:32 ; elapsed = 00:06:50 . Memory (MB): peak = 1709.469 ; gain = 1133.508
---------------------------------------------------------------------------------
---------------------------------------------------------------------------------
Start Renaming Generated Ports
---------------------------------------------------------------------------------
---------------------------------------------------------------------------------
Finished Renaming Generated Ports : Time (s): cpu = 00:06:32 ; elapsed = 00:06:50 . Memory (MB): peak = 1709.469 ; gain = 1133.508
---------------------------------------------------------------------------------
---------------------------------------------------------------------------------
Start Handling Custom Attributes
---------------------------------------------------------------------------------
---------------------------------------------------------------------------------
Finished Handling Custom Attributes : Time (s): cpu = 00:06:32 ; elapsed = 00:06:50 . Memory (MB): peak = 1709.469 ; gain = 1133.508
---------------------------------------------------------------------------------
---------------------------------------------------------------------------------
Start Renaming Generated Nets
---------------------------------------------------------------------------------
---------------------------------------------------------------------------------
Finished Renaming Generated Nets : Time (s): cpu = 00:06:32 ; elapsed = 00:06:50 . Memory (MB): peak = 1709.469 ; gain = 1133.508
---------------------------------------------------------------------------------
---------------------------------------------------------------------------------
Start Writing Synthesis Report
---------------------------------------------------------------------------------

Report BlackBoxes: 
+-+--------------+----------+
| |BlackBox name |Instances |
+-+--------------+----------+
+-+--------------+----------+

Report Cell Usage: 
+------+-------+------+
|      |Cell   |Count |
+------+-------+------+
|1     |BUFG   |     1|
|2     |CARRY4 |    19|
|3     |LUT1   |     4|
|4     |LUT2   |    66|
|5     |LUT3   |    32|
|6     |LUT4   |    39|
|7     |LUT5   |    68|
|8     |LUT6   |   342|
|9     |FDCE   |    79|
|10    |IBUF   |     2|
|11    |OBUF   |    15|
+------+-------+------+
---------------------------------------------------------------------------------
Finished Writing Synthesis Report : Time (s): cpu = 00:06:32 ; elapsed = 00:06:50 . Memory (MB): peak = 1709.469 ; gain = 1133.508
---------------------------------------------------------------------------------
Synthesis finished with 0 errors, 0 critical warnings and 33 warnings.
Synthesis Optimization Runtime : Time (s): cpu = 00:06:21 ; elapsed = 00:06:48 . Memory (MB): peak = 1709.469 ; gain = 1044.906
Synthesis Optimization Complete : Time (s): cpu = 00:06:32 ; elapsed = 00:06:50 . Memory (MB): peak = 1709.469 ; gain = 1133.508
INFO: [Project 1-571] Translating synthesized netlist
Netlist sorting complete. Time (s): cpu = 00:00:00 ; elapsed = 00:00:00.004 . Memory (MB): peak = 1709.469 ; gain = 0.000
INFO: [Netlist 29-17] Analyzing 19 Unisim elements for replacement
INFO: [Netlist 29-28] Unisim Transformation completed in 0 CPU seconds
INFO: [Project 1-570] Preparing netlist for logic optimization
INFO: [Opt 31-138] Pushed 0 inverter(s) to 0 load pin(s).
Netlist sorting complete. Time (s): cpu = 00:00:00 ; elapsed = 00:00:00 . Memory (MB): peak = 1709.469 ; gain = 0.000
INFO: [Project 1-111] Unisim Transformation Summary:
No Unisim elements were transformed.

Synth Design complete | Checksum: 5f667cc7
INFO: [Common 17-83] Releasing license: Synthesis
24 Infos, 65 Warnings, 0 Critical Warnings and 0 Errors encountered.
synth_design completed successfully
synth_design: Time (s): cpu = 00:06:37 ; elapsed = 00:06:56 . Memory (MB): peak = 1709.469 ; gain = 1339.199
Write ShapeDB Complete: Time (s): cpu = 00:00:00 ; elapsed = 00:00:00.001 . Memory (MB): peak = 1709.469 ; gain = 0.000
INFO: [Common 17-1381] The checkpoint 'D:/kowalski_267671_FPGA/UE1/zad4-zegar/seg_display/seg_display.runs/synth_1/display.dcp' has been generated.
INFO: [Vivado 12-24828] Executing command : report_utilization -file display_utilization_synth.rpt -pb display_utilization_synth.pb
INFO: [Common 17-206] Exiting Vivado at Sat May 17 01:28:35 2025...
