#-----------------------------------------------------------
# Vivado v2024.2 (64-bit)
# SW Build 5239630 on Fri Nov 08 22:35:27 MST 2024
# IP Build 5239520 on Sun Nov 10 16:12:51 MST 2024
# SharedData Build 5239561 on Fri Nov 08 14:39:27 MST 2024
# Start of session at: Fri Jun  6 12:56:14 2025
# Process ID         : 43916
# Current directory  : D:/kowalski_267671_FPGA/UE2/Zad3Kalkulator/Kalkulator
# Command line       : vivado.exe -gui_launcher_event rodinguilauncherevent27580 D:\kowalski_267671_FPGA\UE2\Zad3Kalkulator\Kalkulator\Kalkulator.xpr
# Log file           : D:/kowalski_267671_FPGA/UE2/Zad3Kalkulator/Kalkulator/vivado.log
# Journal file       : D:/kowalski_267671_FPGA/UE2/Zad3Kalkulator/Kalkulator\vivado.jou
# Running On         : Jonitka
# Platform           : Windows Server 2016 or Windows 10
# Operating System   : 26100
# Processor Detail   : Intel(R) Core(TM) i7-10750H CPU @ 2.60GHz
# CPU Frequency      : 2592 MHz
# CPU Physical cores : 6
# CPU Logical cores  : 12
# Host memory        : 34263 MB
# Swap memory        : 10737 MB
# Total Virtual      : 45000 MB
# Available Virtual  : 24584 MB
#-----------------------------------------------------------
start_gui
open_project D:/kowalski_267671_FPGA/UE2/Zad3Kalkulator/Kalkulator/Kalkulator.xpr
INFO: [filemgmt 56-3] Default IP Output Path : Could not find the directory 'D:/kowalski_267671_FPGA/UE2/Zad3Kalkulator/Kalkulator/Kalkulator.gen/sources_1'.
CRITICAL WARNING: [Project 1-19] Could not find the file 'D:/kowalski_267671_FPGA/UE2/Zad3Kalkulator/wyniki.txt'.
Scanning sources...
Finished scanning sources
INFO: [IP_Flow 19-234] Refreshing IP repositories
INFO: [IP_Flow 19-1704] No user IP repositories specified
INFO: [IP_Flow 19-2313] Loaded Vivado IP repository 'D:/Vivado/2024.2/data/ip'.
open_project: Time (s): cpu = 00:00:11 ; elapsed = 00:00:05 . Memory (MB): peak = 1205.293 ; gain = 110.445
update_compile_order -fileset sources_1
exit
INFO: [Common 17-206] Exiting Vivado at Fri Jun  6 12:57:22 2025...
